<?xml version="1.0" encoding="UTF-8"?>
<!-- Generated by org.testng.reporters.JUnitXMLReporter -->
<testsuite hostname="DESKTOP-5989GJV" ignored="0" name="Categories Menu Test" tests="1" failures="1" timestamp="2020-06-23T08:53:57 EEST" time="6.284" errors="0">
  <testcase name="checkMainCategories" time="2.383" classname="com.udemy.CategoriesMenuTest">
    <failure type="java.lang.AssertionError" message="Lists differ at element [0]: Development != Разработка expected [Development] but found [Разработка]">
      <![CDATA[java.lang.AssertionError: Lists differ at element [0]: Development != Разработка expected [Development] but found [Разработка]
at com.udemy.CategoriesMenuTest.checkMainCategories(CategoriesMenuTest.java:15)
at java.util.ArrayList.forEach(ArrayList.java:1257)
... Removed 35 stack frames]]>
    </failure>
  </testcase> <!-- checkMainCategories -->
</testsuite> <!-- Categories Menu Test -->
