<?xml version="1.0" encoding="UTF-8"?>
<!-- Generated by org.testng.reporters.JUnitXMLReporter -->
<testsuite hostname="DESKTOP-5989GJV" ignored="0" name="Login tests" tests="1" failures="1" timestamp="2020-06-02T09:22:57 EEST" time="5.347" errors="0">
  <testcase name="loginWithUsingCookie" time="1.823" classname="com.udemy.LoginTest">
    <failure type="java.lang.AssertionError" message="expected [Log In] but found [Войти]">
      <![CDATA[java.lang.AssertionError: expected [Log In] but found [Войти]
at com.udemy.LoginTest.loginWithUsingCookie(LoginTest.java:10)
at java.util.ArrayList.forEach(ArrayList.java:1257)
... Removed 36 stack frames]]>
    </failure>
  </testcase> <!-- loginWithUsingCookie -->
</testsuite> <!-- Login tests -->
