<?xml version="1.0" encoding="UTF-8"?>
<!-- Generated by org.testng.reporters.JUnitXMLReporter -->
<testsuite hostname="DESKTOP-5989GJV" ignored="0" name="Registration tests" tests="1" failures="1" timestamp="2020-06-23T08:53:46 EEST" time="7.177" errors="0">
  <testcase name="registrationWithValidCredentials" time="3.053" classname="com.udemy.RegistrationTest">
    <failure type="java.lang.AssertionError" message="expected [Sign Up and Start Learning!] but found [Зарегистрируйтесь и начните обучение!]">
      <![CDATA[java.lang.AssertionError: expected [Sign Up and Start Learning!] but found [Зарегистрируйтесь и начните обучение!]
at com.udemy.RegistrationTest.registrationWithValidCredentials(RegistrationTest.java:16)
at java.util.ArrayList.forEach(ArrayList.java:1257)
... Removed 36 stack frames]]>
    </failure>
  </testcase> <!-- registrationWithValidCredentials -->
</testsuite> <!-- Registration tests -->
