<?xml version="1.0" encoding="UTF-8"?>
<testng-results skipped="0" failed="0" ignored="0" total="1" passed="1">
  <reporter-output>
  </reporter-output>
  <suite name="UdamyWeb" duration-ms="28662" started-at="2020-05-11T17:43:32 EEST" finished-at="2020-05-11T17:44:00 EEST">
    <groups>
    </groups>
    <test name="Login tests" duration-ms="28662" started-at="2020-05-11T17:43:32 EEST" finished-at="2020-05-11T17:44:00 EEST">
      <class name="com.udemy.LoginTest">
        <test-method status="PASS" signature="loginWithValidCredentials()[pri:0, instance:com.udemy.LoginTest@6c49835d]" name="loginWithValidCredentials" duration-ms="28643" started-at="2020-05-11T17:43:32 EEST" description="Login with valid credential" finished-at="2020-05-11T17:44:00 EEST">
          <reporter-output>
          </reporter-output>
        </test-method> <!-- loginWithValidCredentials -->
      </class> <!-- com.udemy.LoginTest -->
    </test> <!-- Login tests -->
  </suite> <!-- UdamyWeb -->
</testng-results>
