<?xml version="1.0" encoding="UTF-8"?>
<testsuite xmlns:xsi="http://www.w3.org/2001/XMLSchema-instance" xsi:noNamespaceSchemaLocation="https://maven.apache.org/surefire/maven-surefire-plugin/xsd/surefire-test-report-3.0.xsd" version="3.0" name="TestSuite" time="35.652" tests="4" errors="0" skipped="0" failures="4">
  <properties>
[...]
</properties>
  <testcase name="registrationWithValidCredentials" classname="com.udemy.RegistrationTest" time="3.691">
    <failure message="expected [Sign Up and Start Learning!] but found [Зарегистрируйтесь и начните обучение!]" type="java.lang.AssertionError"><![CDATA[java.lang.AssertionError: expected [Sign Up and Start Learning!] but found [Зарегистрируйтесь и начните обучение!]
	at com.udemy.RegistrationTest.registrationWithValidCredentials(RegistrationTest.java:16)
]]></failure>
    <system-err><![CDATA[Starting ChromeDriver 83.0.4103.39 (ccbf011cb2d2b19b506d844400483861342c20cd-refs/branch-heads/4103@{#416}) on port 26550
Only local connections are allowed.
Please see https://chromedriver.chromium.org/security-considerations for suggestions on keeping ChromeDriver safe.
ChromeDriver was started successfully.
июн 30, 2020 9:27:05 AM org.openqa.selenium.remote.ProtocolHandshake createSession
INFO: Detected dialect: W3C
]]></system-err>
  </testcase>
  <testcase name="loginWithUsingCookie" classname="com.udemy.LoginTest" time="2.045">
    <failure message="expected [Log In] but found [Войти]" type="java.lang.AssertionError"><![CDATA[java.lang.AssertionError: expected [Log In] but found [Войти]
	at com.udemy.LoginTest.loginWithUsingCookie(LoginTest.java:10)
]]></failure>
    <system-err><![CDATA[Starting ChromeDriver 83.0.4103.39 (ccbf011cb2d2b19b506d844400483861342c20cd-refs/branch-heads/4103@{#416}) on port 14972
Only local connections are allowed.
Please see https://chromedriver.chromium.org/security-considerations for suggestions on keeping ChromeDriver safe.
ChromeDriver was started successfully.
июн 30, 2020 9:27:13 AM org.openqa.selenium.remote.ProtocolHandshake createSession
INFO: Detected dialect: W3C
]]></system-err>
  </testcase>
  <testcase name="checkMainCategories" classname="com.udemy.CategoriesMenuTest" time="2.327">
    <failure message="Lists differ at element [0]: Development != Разработка expected [Development] but found [Разработка]" type="java.lang.AssertionError"><![CDATA[java.lang.AssertionError: Lists differ at element [0]: Development != Разработка expected [Development] but found [Разработка]
	at com.udemy.CategoriesMenuTest.checkMainCategories(CategoriesMenuTest.java:15)
]]></failure>
    <system-err><![CDATA[Starting ChromeDriver 83.0.4103.39 (ccbf011cb2d2b19b506d844400483861342c20cd-refs/branch-heads/4103@{#416}) on port 1407
Only local connections are allowed.
Please see https://chromedriver.chromium.org/security-considerations for suggestions on keeping ChromeDriver safe.
ChromeDriver was started successfully.
июн 30, 2020 9:27:18 AM org.openqa.selenium.remote.ProtocolHandshake createSession
INFO: Detected dialect: W3C
]]></system-err>
  </testcase>
  <testcase name="checkLinks" classname="com.udemy.CheckLinksTest" time="12.166">
    <failure message="Expected condition failed: waiting for visibility of element located by By.xpath: //*[@class=&apos;dropdown--ufb zero-state dropdown--open-on-hover dropdown&apos; or @class=&apos;header--gap-sm--2PR4A header--try-ufb--1kzro popover--popover--t3rNO popover--popover-hover--14ngr&apos;] (tried for 10 second(s) with 500 milliseconds interval)" type="org.openqa.selenium.TimeoutException"><![CDATA[org.openqa.selenium.TimeoutException: Expected condition failed: waiting for visibility of element located by By.xpath: //*[@class='dropdown--ufb zero-state dropdown--open-on-hover dropdown' or @class='header--gap-sm--2PR4A header--try-ufb--1kzro popover--popover--t3rNO popover--popover-hover--14ngr'] (tried for 10 second(s) with 500 milliseconds interval)
	at com.udemy.CheckLinksTest.checkLinks(CheckLinksTest.java:10)
Caused by: org.openqa.selenium.NoSuchElementException: 
no such element: Unable to locate element: {"method":"xpath","selector":"//*[@class='dropdown--ufb zero-state dropdown--open-on-hover dropdown' or @class='header--gap-sm--2PR4A header--try-ufb--1kzro popover--popover--t3rNO popover--popover-hover--14ngr']"}
  (Session info: chrome=83.0.4103.116)
For documentation on this error, please visit: https://www.seleniumhq.org/exceptions/no_such_element.html
Build info: version: '3.141.59', revision: 'e82be7d358', time: '2018-11-14T08:17:03'
System info: host: 'DESKTOP-5989GJV', ip: '192.168.0.103', os.name: 'Windows 10', os.arch: 'amd64', os.version: '10.0', java.version: '1.8.0_241'
Driver info: org.openqa.selenium.chrome.ChromeDriver
Capabilities {acceptInsecureCerts: false, browserName: chrome, browserVersion: 83.0.4103.116, chrome: {chromedriverVersion: 83.0.4103.39 (ccbf011cb2d2b..., userDataDir: C:\Users\SyfeR\AppData\Loca...}, goog:chromeOptions: {debuggerAddress: localhost:63948}, javascriptEnabled: true, networkConnectionEnabled: false, pageLoadStrategy: normal, platform: WINDOWS, platformName: WINDOWS, proxy: Proxy(), setWindowRect: true, strictFileInteractability: false, timeouts: {implicit: 0, pageLoad: 300000, script: 30000}, unhandledPromptBehavior: dismiss and notify, webauthn:virtualAuthenticators: true}
Session ID: e37ca30f2283efd0f45003aab4b2ce72
*** Element info: {Using=xpath, value=//*[@class='dropdown--ufb zero-state dropdown--open-on-hover dropdown' or @class='header--gap-sm--2PR4A header--try-ufb--1kzro popover--popover--t3rNO popover--popover-hover--14ngr']}
	at com.udemy.CheckLinksTest.checkLinks(CheckLinksTest.java:10)
]]></failure>
    <system-err><![CDATA[Starting ChromeDriver 83.0.4103.39 (ccbf011cb2d2b19b506d844400483861342c20cd-refs/branch-heads/4103@{#416}) on port 14675
Only local connections are allowed.
Please see https://chromedriver.chromium.org/security-considerations for suggestions on keeping ChromeDriver safe.
ChromeDriver was started successfully.
июн 30, 2020 9:27:24 AM org.openqa.selenium.remote.ProtocolHandshake createSession
INFO: Detected dialect: W3C
]]></system-err>
  </testcase>
</testsuite>