-------------------------------------------------------------------------------
Test set: TestSuite
-------------------------------------------------------------------------------
Tests run: 2, Failures: 1, Errors: 0, Skipped: 0, Time elapsed: 20.657 s <<< FAILURE! - in TestSuite
com.udemy.LoginTest.loginWithUsingCookie  Time elapsed: 4.205 s  <<< FAILURE!
java.lang.AssertionError: expected [Test] but found [Test Testson]
	at com.udemy.LoginTest.loginWithUsingCookie(LoginTest.java:34)

